#
# There is insufficient memory for the Java Runtime Environment to continue.
# Native memory allocation (malloc) failed to allocate 1560816 bytes for Chunk::new
# Possible reasons:
#   The system is out of physical RAM or swap space
#   The process is running with CompressedOops enabled, and the Java Heap may be blocking the growth of the native heap
# Possible solutions:
#   Reduce memory load on the system
#   Increase physical memory or swap space
#   Check if swap backing store is full
#   Decrease Java heap size (-Xmx/-Xms)
#   Decrease number of Java threads
#   Decrease Java thread stack sizes (-Xss)
#   Set larger code cache with -XX:ReservedCodeCacheSize=
#   JVM is running with Unscaled Compressed Oops mode in which the Java heap is
#     placed in the first 4GB address space. The Java Heap base address is the
#     maximum limit for the native heap growth. Please use -XX:HeapBaseMinAddress
#     to set the Java Heap base and to place the Java Heap above 4GB virtual address.
# This output file may be truncated or incomplete.
#
#  Out of Memory Error (arena.cpp:189), pid=29032, tid=27804
#
# JRE version: OpenJDK Runtime Environment Temurin-17.0.4.1+1 (17.0.4.1+1) (build 17.0.4.1+1)
# Java VM: OpenJDK 64-Bit Server VM Temurin-17.0.4.1+1 (17.0.4.1+1, mixed mode, tiered, compressed oops, compressed class ptrs, g1 gc, windows-amd64)
# No core dump will be written. Minidumps are not enabled by default on client versions of Windows
#

---------------  S U M M A R Y ------------

Command Line: -ea -Dfile.encoding=UTF-8 -XX:+ShowCodeDetailsInExceptionMessages org.testng.remote.RemoteTestNG -serport 52174 -protocol json -d C:\Users\HP\Documents\workspace-spring-tool-suite-4-4.16.0.RELEASE\Cucumber_C.Study\test-output C:\Users\HP\AppData\Local\Temp\testng-eclipse--2128654889\testng-customsuite.xml

Host: Intel(R) Core(TM) i5-10210U CPU @ 1.60GHz, 8 cores, 3G,  Windows 11 , 64 bit Build 22000 (10.0.22000.708)
Time: Fri Nov  4 12:13:45 2022 India Standard Time elapsed time: 14.560240 seconds (0d 0h 0m 14s)

---------------  T H R E A D  ---------------

Current thread (0x000001c59ad72390):  JavaThread "C2 CompilerThread0" daemon [_thread_in_native, id=27804, stack(0x0000007259200000,0x0000007259300000)]


Current CompileTask:
C2:  14561 2526       4       jdk.internal.org.objectweb.asm.Frame::execute (2305 bytes)

Stack: [0x0000007259200000,0x0000007259300000]
Native frames: (J=compiled Java code, j=interpreted, Vv=VM code, C=native code)
V  [jvm.dll+0x67731a]
V  [jvm.dll+0x832284]
V  [jvm.dll+0x833a2e]
V  [jvm.dll+0x834093]
V  [jvm.dll+0x245775]
V  [jvm.dll+0xabd7b]
V  [jvm.dll+0xac30c]
V  [jvm.dll+0x363a42]
V  [jvm.dll+0x32e011]
V  [jvm.dll+0x32d4ba]
V  [jvm.dll+0x218681]
V  [jvm.dll+0x217aa1]
V  [jvm.dll+0x1a3f8d]
V  [jvm.dll+0x227498]
V  [jvm.dll+0x2255e5]
V  [jvm.dll+0x7e7e9b]
V  [jvm.dll+0x7e240a]
V  [jvm.dll+0x6761a5]
C  [ucrtbase.dll+0x26c0c]
C  [KERNEL32.DLL+0x154e0]
C  [ntdll.dll+0x485b]


---------------  P R O C E S S  ---------------

Threads class SMR info:
_java_thread_list=0x000001c59c0e0de0, length=14, elements={
0x000001c58157b7f0, 0x000001c59ad2b3a0, 0x000001c59ad2c010, 0x000001c59ad617a0,
0x000001c59ad62150, 0x000001c59ad79f20, 0x000001c59ad7acd0, 0x000001c59ad72390,
0x000001c59ad72c90, 0x000001c59ad745a0, 0x000001c59b976d30, 0x000001c59b9a5a20,
0x000001c59c17e830, 0x000001c59bb5e650
}

Java Threads: ( => current thread )
  0x000001c58157b7f0 JavaThread "main" [_thread_in_native, id=25164, stack(0x0000007258500000,0x0000007258600000)]
  0x000001c59ad2b3a0 JavaThread "Reference Handler" daemon [_thread_blocked, id=15280, stack(0x0000007258c00000,0x0000007258d00000)]
  0x000001c59ad2c010 JavaThread "Finalizer" daemon [_thread_blocked, id=26244, stack(0x0000007258d00000,0x0000007258e00000)]
  0x000001c59ad617a0 JavaThread "Signal Dispatcher" daemon [_thread_blocked, id=34984, stack(0x0000007258e00000,0x0000007258f00000)]
  0x000001c59ad62150 JavaThread "Attach Listener" daemon [_thread_blocked, id=30348, stack(0x0000007258f00000,0x0000007259000000)]
  0x000001c59ad79f20 JavaThread "Service Thread" daemon [_thread_blocked, id=2256, stack(0x0000007259000000,0x0000007259100000)]
  0x000001c59ad7acd0 JavaThread "Monitor Deflation Thread" daemon [_thread_blocked, id=22836, stack(0x0000007259100000,0x0000007259200000)]
=>0x000001c59ad72390 JavaThread "C2 CompilerThread0" daemon [_thread_in_native, id=27804, stack(0x0000007259200000,0x0000007259300000)]
  0x000001c59ad72c90 JavaThread "C1 CompilerThread0" daemon [_thread_blocked, id=16344, stack(0x0000007259300000,0x0000007259400000)]
  0x000001c59ad745a0 JavaThread "Sweeper thread" daemon [_thread_blocked, id=1300, stack(0x0000007259400000,0x0000007259500000)]
  0x000001c59b976d30 JavaThread "Notification Thread" daemon [_thread_blocked, id=34196, stack(0x0000007259500000,0x0000007259600000)]
  0x000001c59b9a5a20 JavaThread "Common-Cleaner" daemon [_thread_blocked, id=1128, stack(0x0000007259700000,0x0000007259800000)]
  0x000001c59c17e830 JavaThread "ReaderThread" [_thread_in_native, id=27436, stack(0x0000007259900000,0x0000007259a00000)]
  0x000001c59bb5e650 JavaThread "Keep-Alive-Timer" daemon [_thread_blocked, id=13980, stack(0x000000725a100000,0x000000725a200000)]

Other Threads:
  0x000001c59ad28790 VMThread "VM Thread" [stack: 0x0000007258b00000,0x0000007258c00000] [id=33748]
  0x000001c5815ca2e0 WatcherThread [stack: 0x0000007259600000,0x0000007259700000] [id=28080]
  0x000001c5815b5900 GCTaskThread "GC Thread#0" [stack: 0x0000007258600000,0x0000007258700000] [id=5440]
  0x000001c59c225d90 GCTaskThread "GC Thread#1" [stack: 0x0000007259a00000,0x0000007259b00000] [id=19100]
  0x000001c59c226040 GCTaskThread "GC Thread#2" [stack: 0x0000007259b00000,0x0000007259c00000] [id=12240]
  0x000001c59c105a00 GCTaskThread "GC Thread#3" [stack: 0x0000007259c00000,0x0000007259d00000] [id=29204]
  0x000001c59bb67c90 GCTaskThread "GC Thread#4" [stack: 0x0000007259d00000,0x0000007259e00000] [id=16016]
  0x000001c59c2851f0 GCTaskThread "GC Thread#5" [stack: 0x0000007259e00000,0x0000007259f00000] [id=32568]
  0x000001c59c1951a0 GCTaskThread "GC Thread#6" [stack: 0x0000007259f00000,0x000000725a000000] [id=21724]
  0x000001c59c195450 GCTaskThread "GC Thread#7" [stack: 0x000000725a000000,0x000000725a100000] [id=12632]
  0x000001c5815be8e0 ConcurrentGCThread "G1 Main Marker" [stack: 0x0000007258700000,0x0000007258800000] [id=28496]
  0x000001c5815bf1f0 ConcurrentGCThread "G1 Conc#0" [stack: 0x0000007258800000,0x0000007258900000] [id=3540]
  0x000001c59d969fe0 ConcurrentGCThread "G1 Conc#1" [stack: 0x000000725a200000,0x000000725a300000] [id=14528]
  0x000001c581621a00 ConcurrentGCThread "G1 Refine#0" [stack: 0x0000007258900000,0x0000007258a00000] [id=34392]
  0x000001c581622320 ConcurrentGCThread "G1 Service" [stack: 0x0000007258a00000,0x0000007258b00000] [id=26344]

Threads with active compile tasks:
C2 CompilerThread0    14653 2526       4       jdk.internal.org.objectweb.asm.Frame::execute (2305 bytes)

VM state: not at safepoint (normal execution)

VM Mutex/Monitor currently owned by a thread: None

Heap address: 0x00000000c3000000, size: 976 MB, Compressed Oops mode: 32-bit

CDS archive(s) not mapped
Compressed class space mapped at: 0x0000000100000000-0x0000000140000000, reserved size: 1073741824
Narrow klass base: 0x0000000000000000, Narrow klass shift: 3, Narrow klass range: 0x140000000

GC Precious Log:
 CPUs: 8 total, 8 available
 Memory: 3900M
 Large Page Support: Disabled
 NUMA Support: Disabled
 Compressed Oops: Enabled (32-bit)
 Heap Region Size: 1M
 Heap Min Capacity: 8M
 Heap Initial Capacity: 62M
 Heap Max Capacity: 976M
 Pre-touch: Disabled
 Parallel Workers: 8
 Concurrent Workers: 2
 Concurrent Refinement Workers: 8
 Periodic GC: Disabled

Heap:
 garbage-first heap   total 34816K, used 11455K [0x00000000c3000000, 0x0000000100000000)
  region size 1024K, 3 young (3072K), 2 survivors (2048K)
 Metaspace       used 26745K, committed 27008K, reserved 1073152K
  class space    used 2895K, committed 3008K, reserved 1048576K

Heap Regions: E=young(eden), S=young(survivor), O=old, HS=humongous(starts), HC=humongous(continues), CS=collection set, F=free, OA=open archive, CA=closed archive, TAMS=top-at-mark-start (previous, next)
|   0|0x00000000c3000000, 0x00000000c3100000, 0x00000000c3100000|100%| O|  |TAMS 0x00000000c3100000, 0x00000000c3000000| Untracked 
|   1|0x00000000c3100000, 0x00000000c3200000, 0x00000000c3200000|100%| O|  |TAMS 0x00000000c3200000, 0x00000000c3100000| Untracked 
|   2|0x00000000c3200000, 0x00000000c3300000, 0x00000000c3300000|100%| O|  |TAMS 0x00000000c3300000, 0x00000000c3200000| Untracked 
|   3|0x00000000c3300000, 0x00000000c3400000, 0x00000000c3400000|100%| O|  |TAMS 0x00000000c3314000, 0x00000000c3300000| Untracked 
|   4|0x00000000c3400000, 0x00000000c3500000, 0x00000000c3500000|100%| O|  |TAMS 0x00000000c3400000, 0x00000000c3400000| Untracked 
|   5|0x00000000c3500000, 0x00000000c3600000, 0x00000000c3600000|100%| O|  |TAMS 0x00000000c3500000, 0x00000000c3500000| Untracked 
|   6|0x00000000c3600000, 0x00000000c3600000, 0x00000000c3700000|  0%| F|  |TAMS 0x00000000c3600000, 0x00000000c3600000| Untracked 
|   7|0x00000000c3700000, 0x00000000c3800000, 0x00000000c3800000|100%| O|  |TAMS 0x00000000c3700000, 0x00000000c3700000| Untracked 
|   8|0x00000000c3800000, 0x00000000c3900000, 0x00000000c3900000|100%| O|  |TAMS 0x00000000c3800000, 0x00000000c3800000| Untracked 
|   9|0x00000000c3900000, 0x00000000c3a00000, 0x00000000c3a00000|100%| O|  |TAMS 0x00000000c3900000, 0x00000000c3900000| Untracked 
|  10|0x00000000c3a00000, 0x00000000c3ada400, 0x00000000c3b00000| 85%| O|  |TAMS 0x00000000c3a00000, 0x00000000c3a00000| Untracked 
|  11|0x00000000c3b00000, 0x00000000c3b00000, 0x00000000c3c00000|  0%| F|  |TAMS 0x00000000c3b00000, 0x00000000c3b00000| Untracked 
|  12|0x00000000c3c00000, 0x00000000c3c00000, 0x00000000c3d00000|  0%| F|  |TAMS 0x00000000c3c00000, 0x00000000c3c00000| Untracked 
|  13|0x00000000c3d00000, 0x00000000c3d00000, 0x00000000c3e00000|  0%| F|  |TAMS 0x00000000c3d00000, 0x00000000c3d00000| Untracked 
|  14|0x00000000c3e00000, 0x00000000c3e00000, 0x00000000c3f00000|  0%| F|  |TAMS 0x00000000c3e00000, 0x00000000c3e00000| Untracked 
|  15|0x00000000c3f00000, 0x00000000c3f00000, 0x00000000c4000000|  0%| F|  |TAMS 0x00000000c3f00000, 0x00000000c3f00000| Untracked 
|  16|0x00000000c4000000, 0x00000000c4000000, 0x00000000c4100000|  0%| F|  |TAMS 0x00000000c4000000, 0x00000000c4000000| Untracked 
|  17|0x00000000c4100000, 0x00000000c4100000, 0x00000000c4200000|  0%| F|  |TAMS 0x00000000c4100000, 0x00000000c4100000| Untracked 
|  18|0x00000000c4200000, 0x00000000c4200000, 0x00000000c4300000|  0%| F|  |TAMS 0x00000000c4200000, 0x00000000c4200000| Untracked 
|  19|0x00000000c4300000, 0x00000000c4355810, 0x00000000c4400000| 33%| S|CS|TAMS 0x00000000c4300000, 0x00000000c4300000| Complete 
|  20|0x00000000c4400000, 0x00000000c4500000, 0x00000000c4500000|100%| S|CS|TAMS 0x00000000c4400000, 0x00000000c4400000| Complete 
|  21|0x00000000c4500000, 0x00000000c4500000, 0x00000000c4600000|  0%| F|  |TAMS 0x00000000c4500000, 0x00000000c4500000| Untracked 
|  22|0x00000000c4600000, 0x00000000c4600000, 0x00000000c4700000|  0%| F|  |TAMS 0x00000000c4600000, 0x00000000c4600000| Untracked 
|  23|0x00000000c4700000, 0x00000000c4700000, 0x00000000c4800000|  0%| F|  |TAMS 0x00000000c4700000, 0x00000000c4700000| Untracked 
|  24|0x00000000c4800000, 0x00000000c4800000, 0x00000000c4900000|  0%| F|  |TAMS 0x00000000c4800000, 0x00000000c4800000| Untracked 
|  25|0x00000000c4900000, 0x00000000c4900000, 0x00000000c4a00000|  0%| F|  |TAMS 0x00000000c4900000, 0x00000000c4900000| Untracked 
|  26|0x00000000c4a00000, 0x00000000c4a00000, 0x00000000c4b00000|  0%| F|  |TAMS 0x00000000c4a00000, 0x00000000c4a00000| Untracked 
|  27|0x00000000c4b00000, 0x00000000c4b00000, 0x00000000c4c00000|  0%| F|  |TAMS 0x00000000c4b00000, 0x00000000c4b00000| Untracked 
|  28|0x00000000c4c00000, 0x00000000c4c00000, 0x00000000c4d00000|  0%| F|  |TAMS 0x00000000c4c00000, 0x00000000c4c00000| Untracked 
|  29|0x00000000c4d00000, 0x00000000c4d00000, 0x00000000c4e00000|  0%| F|  |TAMS 0x00000000c4d00000, 0x00000000c4d00000| Untracked 
|  30|0x00000000c4e00000, 0x00000000c4e00000, 0x00000000c4f00000|  0%| F|  |TAMS 0x00000000c4e00000, 0x00000000c4e00000| Untracked 
|  46|0x00000000c5e00000, 0x00000000c5e00000, 0x00000000c5f00000|  0%| F|  |TAMS 0x00000000c5e00000, 0x00000000c5e00000| Untracked 
|  47|0x00000000c5f00000, 0x00000000c5f00000, 0x00000000c6000000|  0%| F|  |TAMS 0x00000000c5f00000, 0x00000000c5f00000| Untracked 
|  61|0x00000000c6d00000, 0x00000000c6dba118, 0x00000000c6e00000| 72%| E|  |TAMS 0x00000000c6d00000, 0x00000000c6d00000| Complete 

Card table byte_map: [0x000001c596090000,0x000001c596280000] _byte_map_base: 0x000001c595a78000

Marking Bits (Prev, Next): (CMBitMap*) 0x000001c5815b5e50, (CMBitMap*) 0x000001c5815b5e10
 Prev Bits: [0x000001c5973b0000, 0x000001c5982f0000)
 Next Bits: [0x000001c596470000, 0x000001c5973b0000)

Polling page: 0x000001c581650000

Metaspace:

Usage:
  Non-class:     23.29 MB used.
      Class:      2.83 MB used.
       Both:     26.12 MB used.

Virtual space:
  Non-class space:       24.00 MB reserved,      23.44 MB ( 98%) committed,  3 nodes.
      Class space:        1.00 GB reserved,       2.94 MB ( <1%) committed,  1 nodes.
             Both:        1.02 GB reserved,      26.38 MB (  3%) committed. 

Chunk freelists:
   Non-Class:  402.00 KB
       Class:  1.04 MB
        Both:  1.43 MB

MaxMetaspaceSize: unlimited
CompressedClassSpaceSize: 1.00 GB
Initial GC threshold: 21.00 MB
Current GC threshold: 35.12 MB
CDS: off
MetaspaceReclaimPolicy: balanced
 - commit_granule_bytes: 65536.
 - commit_granule_words: 8192.
 - virtual_space_node_default_size: 1048576.
 - enlarge_chunks_in_place: 1.
 - new_chunks_are_fully_committed: 0.
 - uncommit_free_chunks: 1.
 - use_allocation_guard: 0.
 - handle_deallocations: 1.


Internal statistics:

num_allocs_failed_limit: 3.
num_arena_births: 200.
num_arena_deaths: 0.
num_vsnodes_births: 4.
num_vsnodes_deaths: 0.
num_space_committed: 422.
num_space_uncommitted: 0.
num_chunks_returned_to_freelist: 3.
num_chunks_taken_from_freelist: 580.
num_chunk_merges: 3.
num_chunk_splits: 361.
num_chunks_enlarged: 248.
num_purges: 0.
num_inconsistent_stats: 0.

CodeHeap 'non-profiled nmethods': size=120000Kb used=999Kb max_used=999Kb free=119000Kb
 bounds [0x000001c58dee0000, 0x000001c58e150000, 0x000001c595410000]
CodeHeap 'profiled nmethods': size=120000Kb used=5115Kb max_used=5115Kb free=114884Kb
 bounds [0x000001c5869b0000, 0x000001c586eb0000, 0x000001c58dee0000]
CodeHeap 'non-nmethods': size=5760Kb used=1226Kb max_used=1251Kb free=4533Kb
 bounds [0x000001c586410000, 0x000001c586680000, 0x000001c5869b0000]
 total_blobs=3044 nmethods=2519 adapters=437
 compilation: enabled
              stopped_count=0, restarted_count=0
 full_count=0

Compilation events (20 events):
Event: 14.247 Thread 0x000001c59ad72c90 2523       3       java.lang.invoke.MemberName$Factory::resolveOrNull (54 bytes)
Event: 14.247 Thread 0x000001c59ad72c90 nmethod 2523 0x000001c586ea9f90 code [0x000001c586eaa140, 0x000001c586eaa408]
Event: 14.247 Thread 0x000001c59ad72c90 2524       3       java.lang.Class$Atomic::casReflectionData (13 bytes)
Event: 14.247 Thread 0x000001c59ad72c90 nmethod 2524 0x000001c586eaa510 code [0x000001c586eaa6a0, 0x000001c586eaa7f8]
Event: 14.248 Thread 0x000001c59ad72390 nmethod 2517% 0x000001c58dfd7990 code [0x000001c58dfd7b40, 0x000001c58dfd83d8]
Event: 14.248 Thread 0x000001c59ad72390 2521       4       java.lang.StringBuilder::append (8 bytes)
Event: 14.255 Thread 0x000001c59ad72390 nmethod 2521 0x000001c58dfd8910 code [0x000001c58dfd8ac0, 0x000001c58dfd90b8]
Event: 14.255 Thread 0x000001c59ad72390 2526       4       jdk.internal.org.objectweb.asm.Frame::execute (2305 bytes)
Event: 14.356 Thread 0x000001c59ad72c90 2534       3       java.lang.invoke.LambdaForm::returnType (26 bytes)
Event: 14.356 Thread 0x000001c59ad72c90 nmethod 2534 0x000001c586eaa890 code [0x000001c586eaaa40, 0x000001c586eaabf8]
Event: 14.356 Thread 0x000001c59ad72c90 2536       3       java.lang.invoke.MethodHandles$Lookup$ClassOption::optionsToFlag (40 bytes)
Event: 14.356 Thread 0x000001c59ad72c90 nmethod 2536 0x000001c586eaad10 code [0x000001c586eaaee0, 0x000001c586eab3a8]
Event: 14.356 Thread 0x000001c59ad72c90 2535       3       java.lang.invoke.MethodHandles$Lookup::makeHiddenClassDefiner (42 bytes)
Event: 14.358 Thread 0x000001c59ad72c90 nmethod 2535 0x000001c586eab510 code [0x000001c586eab7e0, 0x000001c586eac718]
Event: 14.358 Thread 0x000001c59ad72c90 2537       3       java.lang.invoke.MethodHandles$Lookup$ClassDefiner::<init> (58 bytes)
Event: 14.358 Thread 0x000001c59ad72c90 nmethod 2537 0x000001c586eacc90 code [0x000001c586eace40, 0x000001c586ead0d8]
Event: 14.358 Thread 0x000001c59ad72c90 2538       3       java.lang.invoke.MethodHandles$Lookup$ClassDefiner::defineClass (97 bytes)
Event: 14.360 Thread 0x000001c59ad72c90 nmethod 2538 0x000001c586ead210 code [0x000001c586ead4c0, 0x000001c586eae358]
Event: 14.360 Thread 0x000001c59ad72c90 2539       3       java.lang.System$2::defineClass (21 bytes)
Event: 14.361 Thread 0x000001c59ad72c90 nmethod 2539 0x000001c586eae910 code [0x000001c586eaeac0, 0x000001c586eaec48]

GC Heap History (10 events):
Event: 11.203 GC heap before
{Heap before GC invocations=0 (full 0):
 garbage-first heap   total 63488K, used 22528K [0x00000000c3000000, 0x0000000100000000)
  region size 1024K, 23 young (23552K), 0 survivors (0K)
 Metaspace       used 16771K, committed 16960K, reserved 1064960K
  class space    used 1687K, committed 1792K, reserved 1048576K
}
Event: 11.268 GC heap after
{Heap after GC invocations=1 (full 0):
 garbage-first heap   total 63488K, used 6224K [0x00000000c3000000, 0x0000000100000000)
  region size 1024K, 3 young (3072K), 3 survivors (3072K)
 Metaspace       used 16771K, committed 16960K, reserved 1064960K
  class space    used 1687K, committed 1792K, reserved 1048576K
}
Event: 12.268 GC heap before
{Heap before GC invocations=1 (full 0):
 garbage-first heap   total 63488K, used 19536K [0x00000000c3000000, 0x0000000100000000)
  region size 1024K, 17 young (17408K), 3 survivors (3072K)
 Metaspace       used 21366K, committed 21504K, reserved 1073152K
  class space    used 2234K, committed 2304K, reserved 1048576K
}
Event: 12.274 GC heap after
{Heap after GC invocations=2 (full 0):
 garbage-first heap   total 63488K, used 7496K [0x00000000c3000000, 0x0000000100000000)
  region size 1024K, 2 young (2048K), 2 survivors (2048K)
 Metaspace       used 21366K, committed 21504K, reserved 1073152K
  class space    used 2234K, committed 2304K, reserved 1048576K
}
Event: 13.474 GC heap before
{Heap before GC invocations=3 (full 0):
 garbage-first heap   total 34816K, used 23880K [0x00000000c3000000, 0x0000000100000000)
  region size 1024K, 19 young (19456K), 2 survivors (2048K)
 Metaspace       used 25377K, committed 25664K, reserved 1073152K
  class space    used 2763K, committed 2880K, reserved 1048576K
}
Event: 13.482 GC heap after
{Heap after GC invocations=4 (full 0):
 garbage-first heap   total 34816K, used 10205K [0x00000000c3000000, 0x0000000100000000)
  region size 1024K, 3 young (3072K), 3 survivors (3072K)
 Metaspace       used 25377K, committed 25664K, reserved 1073152K
  class space    used 2763K, committed 2880K, reserved 1048576K
}
Event: 13.529 GC heap before
{Heap before GC invocations=4 (full 0):
 garbage-first heap   total 34816K, used 11229K [0x00000000c3000000, 0x0000000100000000)
  region size 1024K, 4 young (4096K), 3 survivors (3072K)
 Metaspace       used 25587K, committed 25856K, reserved 1073152K
  class space    used 2775K, committed 2880K, reserved 1048576K
}
Event: 13.535 GC heap after
{Heap after GC invocations=5 (full 0):
 garbage-first heap   total 34816K, used 10866K [0x00000000c3000000, 0x0000000100000000)
  region size 1024K, 1 young (1024K), 1 survivors (1024K)
 Metaspace       used 25587K, committed 25856K, reserved 1073152K
  class space    used 2775K, committed 2880K, reserved 1048576K
}
Event: 14.225 GC heap before
{Heap before GC invocations=5 (full 0):
 garbage-first heap   total 34816K, used 23154K [0x00000000c3000000, 0x0000000100000000)
  region size 1024K, 13 young (13312K), 1 survivors (1024K)
 Metaspace       used 26463K, committed 26752K, reserved 1073152K
  class space    used 2865K, committed 3008K, reserved 1048576K
}
Event: 14.227 GC heap after
{Heap after GC invocations=6 (full 0):
 garbage-first heap   total 34816K, used 11455K [0x00000000c3000000, 0x0000000100000000)
  region size 1024K, 2 young (2048K), 2 survivors (2048K)
 Metaspace       used 26463K, committed 26752K, reserved 1073152K
  class space    used 2865K, committed 3008K, reserved 1048576K
}

Deoptimization events (20 events):
Event: 14.094 Thread 0x000001c58157b7f0 DEOPT PACKING pc=0x000001c58dfce3c0 sp=0x00000072585fa660
Event: 14.094 Thread 0x000001c58157b7f0 DEOPT UNPACKING pc=0x000001c5864623a3 sp=0x00000072585fa5c8 mode 2
Event: 14.094 Thread 0x000001c58157b7f0 Uncommon trap: trap_request=0xffffffbe fr.pc=0x000001c58dfce3c0 relative=0x00000000000003a0
Event: 14.094 Thread 0x000001c58157b7f0 Uncommon trap: reason=profile_predicate action=maybe_recompile pc=0x000001c58dfce3c0 method=java.util.regex.Pattern$SliceI.match(Ljava/util/regex/Matcher;ILjava/lang/CharSequence;)Z @ 18 c2
Event: 14.094 Thread 0x000001c58157b7f0 DEOPT PACKING pc=0x000001c58dfce3c0 sp=0x00000072585fa660
Event: 14.094 Thread 0x000001c58157b7f0 DEOPT UNPACKING pc=0x000001c5864623a3 sp=0x00000072585fa5c8 mode 2
Event: 14.098 Thread 0x000001c58157b7f0 DEOPT PACKING pc=0x000001c586be9471 sp=0x00000072585faa40
Event: 14.098 Thread 0x000001c58157b7f0 DEOPT UNPACKING pc=0x000001c586462b43 sp=0x00000072585f9e70 mode 0
Event: 14.099 Thread 0x000001c58157b7f0 DEOPT PACKING pc=0x000001c586be943e sp=0x00000072585faa40
Event: 14.099 Thread 0x000001c58157b7f0 DEOPT UNPACKING pc=0x000001c586462b43 sp=0x00000072585f9e70 mode 0
Event: 14.099 Thread 0x000001c58157b7f0 DEOPT PACKING pc=0x000001c586be9471 sp=0x00000072585faa40
Event: 14.099 Thread 0x000001c58157b7f0 DEOPT UNPACKING pc=0x000001c586462b43 sp=0x00000072585f9e70 mode 0
Event: 14.099 Thread 0x000001c58157b7f0 DEOPT PACKING pc=0x000001c586be943e sp=0x00000072585faa40
Event: 14.099 Thread 0x000001c58157b7f0 DEOPT UNPACKING pc=0x000001c586462b43 sp=0x00000072585f9e70 mode 0
Event: 14.113 Thread 0x000001c58157b7f0 DEOPT PACKING pc=0x000001c586be9471 sp=0x00000072585faa50
Event: 14.113 Thread 0x000001c58157b7f0 DEOPT UNPACKING pc=0x000001c586462b43 sp=0x00000072585f9e80 mode 0
Event: 14.240 Thread 0x000001c58157b7f0 Uncommon trap: trap_request=0xffffff45 fr.pc=0x000001c58dfcb6ac relative=0x00000000000009cc
Event: 14.240 Thread 0x000001c58157b7f0 Uncommon trap: reason=unstable_if action=reinterpret pc=0x000001c58dfcb6ac method=java.util.Properties$LineReader.readLine()I @ 221 c2
Event: 14.240 Thread 0x000001c58157b7f0 DEOPT PACKING pc=0x000001c58dfcb6ac sp=0x00000072585fc310
Event: 14.240 Thread 0x000001c58157b7f0 DEOPT UNPACKING pc=0x000001c5864623a3 sp=0x00000072585fc290 mode 2

Classes unloaded (0 events):
No events

Classes redefined (0 events):
No events

Internal exceptions (20 events):
Event: 12.421 Thread 0x000001c58157b7f0 Exception <a 'java/lang/NoSuchMethodError'{0x00000000c4cb4528}: 'int java.lang.invoke.DirectMethodHandle$Holder.invokeVirtual(java.lang.Object, java.lang.Object)'> (0x00000000c4cb4528) 
thrown [s\src\hotspot\share\interpreter\linkResolver.cpp, line 759]
Event: 12.438 Thread 0x000001c58157b7f0 Exception <a 'java/lang/NoSuchMethodError'{0x00000000c4b233d0}: 'java.lang.Object java.lang.invoke.DirectMethodHandle$Holder.newInvokeSpecial(java.lang.Object, java.lang.Object, java.lang.Object, java.lang.Object, java.lang.Object)'> (0x00000000c4b233d0) 
thrown [s\src\hotspot\share\interpreter\linkResolver.cpp, line 759]
Event: 12.439 Thread 0x000001c58157b7f0 Exception <a 'sun/nio/fs/WindowsException'{0x00000000c4b277c0}> (0x00000000c4b277c0) 
thrown [s\src\hotspot\share\prims\jni.cpp, line 516]
Event: 12.444 Thread 0x000001c58157b7f0 Exception <a 'java/lang/NoSuchMethodError'{0x00000000c4b36138}: 'void java.lang.invoke.DirectMethodHandle$Holder.invokeSpecial(java.lang.Object, java.lang.Object, java.lang.Object, java.lang.Object, java.lang.Object)'> (0x00000000c4b36138) 
thrown [s\src\hotspot\share\interpreter\linkResolver.cpp, line 759]
Event: 12.477 Thread 0x000001c58157b7f0 Exception <a 'java/lang/IncompatibleClassChangeError'{0x00000000c4a00168}: Found class java.lang.Object, but interface was expected> (0x00000000c4a00168) 
thrown [s\src\hotspot\share\interpreter\linkResolver.cpp, line 826]
Event: 12.601 Thread 0x000001c58157b7f0 Exception <a 'java/lang/NoSuchMethodError'{0x00000000c4870150}: 'java.lang.Object java.lang.invoke.DirectMethodHandle$Holder.invokeStaticInit(java.lang.Object, java.lang.Object, java.lang.Object, int)'> (0x00000000c4870150) 
thrown [s\src\hotspot\share\interpreter\linkResolver.cpp, line 759]
Event: 12.604 Thread 0x000001c58157b7f0 Exception <a 'java/lang/NoSuchMethodError'{0x00000000c48800d0}: 'java.lang.Object java.lang.invoke.DirectMethodHandle$Holder.invokeStatic(java.lang.Object, java.lang.Object, java.lang.Object, java.lang.Object, java.lang.Object, java.lang.Object, java.lang.Object, int)'> (0x00000000c48800d0) 
thrown [s\src\hotspot\share\interpreter\linkResolver.cpp, line 759]
Event: 12.605 Thread 0x000001c58157b7f0 Exception <a 'java/lang/NoSuchMethodError'{0x00000000c4884c48}: 'java.lang.Object java.lang.invoke.DirectMethodHandle$Holder.invokeStaticInit(java.lang.Object, java.lang.Object, java.lang.Object, java.lang.Object, java.lang.Object, java.lang.Object, java.lang.Object, int)'> (0x00000000c4884c48) 
thrown [s\src\hotspot\share\interpreter\linkResolver.cpp, line 759]
Event: 12.619 Thread 0x000001c58157b7f0 Exception <a 'java/lang/NoSuchMethodError'{0x00000000c48e14b8}: 'java.lang.Object java.lang.invoke.DirectMethodHandle$Holder.invokeSpecial(java.lang.Object, java.lang.Object, java.lang.Object, int, java.lang.Object)'> (0x00000000c48e14b8) 
thrown [s\src\hotspot\share\interpreter\linkResolver.cpp, line 759]
Event: 12.619 Thread 0x000001c58157b7f0 Exception <a 'java/lang/NoSuchMethodError'{0x00000000c48e8c58}: 'java.lang.Object java.lang.invoke.DirectMethodHandle$Holder.newInvokeSpecial(java.lang.Object, java.lang.Object, java.lang.Object, int)'> (0x00000000c48e8c58) 
thrown [s\src\hotspot\share\interpreter\linkResolver.cpp, line 759]
Event: 12.620 Thread 0x000001c58157b7f0 Exception <a 'java/lang/NoSuchMethodError'{0x00000000c48ed0b8}: 'java.lang.Object java.lang.invoke.DirectMethodHandle$Holder.invokeSpecial(java.lang.Object, java.lang.Object, java.lang.Object, java.lang.Object, int)'> (0x00000000c48ed0b8) 
thrown [s\src\hotspot\share\interpreter\linkResolver.cpp, line 759]
Event: 12.620 Thread 0x000001c58157b7f0 Exception <a 'java/lang/NoSuchMethodError'{0x00000000c48f0c80}: 'java.lang.Object java.lang.invoke.Invokers$Holder.linkToTargetMethod(java.lang.Object, java.lang.Object, int, java.lang.Object)'> (0x00000000c48f0c80) 
thrown [s\src\hotspot\share\interpreter\linkResolver.cpp, line 759]
Event: 12.725 Thread 0x000001c58157b7f0 Exception <a 'java/lang/NoClassDefFoundError'{0x00000000c46817b8}: org/slf4j/impl/StaticLoggerBinder> (0x00000000c46817b8) 
thrown [s\src\hotspot\share\classfile\systemDictionary.cpp, line 245]
Event: 13.352 Thread 0x000001c58157b7f0 Exception <a 'java/lang/NoSuchMethodError'{0x00000000c40d3a38}: 'int java.lang.invoke.DirectMethodHandle$Holder.invokeStatic(java.lang.Object, java.lang.Object, int)'> (0x00000000c40d3a38) 
thrown [s\src\hotspot\share\interpreter\linkResolver.cpp, line 759]
Event: 14.245 Thread 0x000001c58157b7f0 Exception <a 'java/lang/NoSuchMethodError'{0x00000000c6d4fa40}: 'void java.lang.invoke.DirectMethodHandle$Holder.invokeInterface(java.lang.Object, java.lang.Object, java.lang.Object)'> (0x00000000c6d4fa40) 
thrown [s\src\hotspot\share\interpreter\linkResolver.cpp, line 759]
Event: 14.351 Thread 0x000001c58157b7f0 Exception <a 'java/lang/NoSuchMethodError'{0x00000000c6d5bb68}: 'void java.lang.invoke.DirectMethodHandle$Holder.invokeStatic(java.lang.Object, long)'> (0x00000000c6d5bb68) 
thrown [s\src\hotspot\share\interpreter\linkResolver.cpp, line 759]
Event: 14.352 Thread 0x000001c58157b7f0 Exception <a 'java/lang/NoSuchMethodError'{0x00000000c6d61460}: 'java.lang.Object java.lang.invoke.DirectMethodHandle$Holder.newInvokeSpecial(java.lang.Object, long)'> (0x00000000c6d61460) 
thrown [s\src\hotspot\share\interpreter\linkResolver.cpp, line 759]
Event: 14.355 Thread 0x000001c58157b7f0 Exception <a 'java/lang/NoSuchMethodError'{0x00000000c6d6bab8}: 'java.lang.Object java.lang.invoke.DirectMethodHandle$Holder.invokeStaticInit(java.lang.Object, java.lang.Object, long, java.lang.Object)'> (0x00000000c6d6bab8) 
thrown [s\src\hotspot\share\interpreter\linkResolver.cpp, line 759]
Event: 14.356 Thread 0x000001c58157b7f0 Exception <a 'java/lang/NoSuchMethodError'{0x00000000c6d72370}: 'java.lang.Object java.lang.invoke.DirectMethodHandle$Holder.newInvokeSpecial(java.lang.Object, java.lang.Object, long)'> (0x00000000c6d72370) 
thrown [s\src\hotspot\share\interpreter\linkResolver.cpp, line 759]
Event: 14.356 Thread 0x000001c58157b7f0 Exception <a 'java/lang/NoSuchMethodError'{0x00000000c6d76188}: 'java.lang.Object java.lang.invoke.Invokers$Holder.linkToTargetMethod(java.lang.Object, long, java.lang.Object)'> (0x00000000c6d76188) 
thrown [s\src\hotspot\share\interpreter\linkResolver.cpp, line 759]

VM Operations (20 events):
Event: 12.148 Executing VM operation: HandshakeAllThreads
Event: 12.148 Executing VM operation: HandshakeAllThreads done
Event: 12.193 Executing VM operation: HandshakeAllThreads
Event: 12.193 Executing VM operation: HandshakeAllThreads done
Event: 12.268 Executing VM operation: CollectForMetadataAllocation
Event: 12.274 Executing VM operation: CollectForMetadataAllocation done
Event: 12.280 Executing VM operation: G1Concurrent
Event: 12.282 Executing VM operation: G1Concurrent done
Event: 12.285 Executing VM operation: G1Concurrent
Event: 12.286 Executing VM operation: G1Concurrent done
Event: 13.297 Executing VM operation: Cleanup
Event: 13.297 Executing VM operation: Cleanup done
Event: 13.424 Executing VM operation: HandshakeAllThreads
Event: 13.424 Executing VM operation: HandshakeAllThreads done
Event: 13.473 Executing VM operation: G1CollectForAllocation
Event: 13.482 Executing VM operation: G1CollectForAllocation done
Event: 13.529 Executing VM operation: G1CollectForAllocation
Event: 13.535 Executing VM operation: G1CollectForAllocation done
Event: 14.225 Executing VM operation: G1CollectForAllocation
Event: 14.228 Executing VM operation: G1CollectForAllocation done

Events (20 events):
Event: 14.361 loading class java/util/concurrent/ThreadPoolExecutor$AbortPolicy
Event: 14.361 loading class java/util/concurrent/RejectedExecutionHandler
Event: 14.361 loading class java/util/concurrent/RejectedExecutionHandler done
Event: 14.361 loading class java/util/concurrent/ThreadPoolExecutor$AbortPolicy done
Event: 14.361 loading class java/util/concurrent/SynchronousQueue
Event: 14.362 loading class java/util/concurrent/SynchronousQueue done
Event: 14.362 loading class java/util/concurrent/SynchronousQueue$TransferStack
Event: 14.362 loading class java/util/concurrent/SynchronousQueue$Transferer
Event: 14.362 loading class java/util/concurrent/SynchronousQueue$Transferer done
Event: 14.362 loading class java/util/concurrent/SynchronousQueue$TransferStack done
Event: 14.362 loading class java/util/concurrent/SynchronousQueue$TransferStack$SNode
Event: 14.362 loading class java/util/concurrent/ForkJoinPool$ManagedBlocker
Event: 14.362 loading class java/util/concurrent/ForkJoinPool$ManagedBlocker done
Event: 14.362 loading class java/util/concurrent/SynchronousQueue$TransferStack$SNode done
Event: 14.363 loading class java/lang/ProcessImpl$2
Event: 14.363 loading class java/lang/ProcessImpl$2 done
Event: 14.363 loading class java/lang/Process$PipeInputStream
Event: 14.363 loading class java/lang/Process$PipeInputStream done
Event: 14.363 loading class jdk/internal/event/ProcessStartEvent
Event: 14.363 loading class jdk/internal/event/ProcessStartEvent done


Dynamic libraries:
0x00007ff65cdb0000 - 0x00007ff65cdbe000 	C:\Users\HP\Downloads\sts-4.16.0.RELEASE\plugins\org.eclipse.justj.openjdk.hotspot.jre.full.win32.x86_64_17.0.4.v20220903-1038\jre\bin\javaw.exe
0x00007ffde5b40000 - 0x00007ffde5d49000 	C:\WINDOWS\SYSTEM32\ntdll.dll
0x00007ffde49c0000 - 0x00007ffde4a7d000 	C:\WINDOWS\System32\KERNEL32.DLL
0x00007ffde33c0000 - 0x00007ffde3739000 	C:\WINDOWS\System32\KERNELBASE.dll
0x00007ffde3200000 - 0x00007ffde3311000 	C:\WINDOWS\System32\ucrtbase.dll
0x00007ffdbd0c0000 - 0x00007ffdbd0d9000 	C:\Users\HP\Downloads\sts-4.16.0.RELEASE\plugins\org.eclipse.justj.openjdk.hotspot.jre.full.win32.x86_64_17.0.4.v20220903-1038\jre\bin\VCRUNTIME140.dll
0x00007ffdc1d70000 - 0x00007ffdc1d88000 	C:\Users\HP\Downloads\sts-4.16.0.RELEASE\plugins\org.eclipse.justj.openjdk.hotspot.jre.full.win32.x86_64_17.0.4.v20220903-1038\jre\bin\jli.dll
0x00007ffde43d0000 - 0x00007ffde457c000 	C:\WINDOWS\System32\USER32.dll
0x00007ffde3390000 - 0x00007ffde33b6000 	C:\WINDOWS\System32\win32u.dll
0x00007ffde5780000 - 0x00007ffde57a9000 	C:\WINDOWS\System32\GDI32.dll
0x00007ffde3740000 - 0x00007ffde3852000 	C:\WINDOWS\System32\gdi32full.dll
0x00007ffdc71f0000 - 0x00007ffdc7495000 	C:\WINDOWS\WinSxS\amd64_microsoft.windows.common-controls_6595b64144ccf1df_6.0.22000.120_none_9d947278b86cc467\COMCTL32.dll
0x00007ffde3160000 - 0x00007ffde31fd000 	C:\WINDOWS\System32\msvcp_win.dll
0x00007ffde4d20000 - 0x00007ffde4dc3000 	C:\WINDOWS\System32\msvcrt.dll
0x00007ffde4580000 - 0x00007ffde45b1000 	C:\WINDOWS\System32\IMM32.DLL
0x00007ffddf380000 - 0x00007ffddf38c000 	C:\Users\HP\Downloads\sts-4.16.0.RELEASE\plugins\org.eclipse.justj.openjdk.hotspot.jre.full.win32.x86_64_17.0.4.v20220903-1038\jre\bin\vcruntime140_1.dll
0x00007ffdad7b0000 - 0x00007ffdad841000 	C:\Users\HP\Downloads\sts-4.16.0.RELEASE\plugins\org.eclipse.justj.openjdk.hotspot.jre.full.win32.x86_64_17.0.4.v20220903-1038\jre\bin\msvcp140.dll
0x00007ffd8a010000 - 0x00007ffd8ac56000 	C:\Users\HP\Downloads\sts-4.16.0.RELEASE\plugins\org.eclipse.justj.openjdk.hotspot.jre.full.win32.x86_64_17.0.4.v20220903-1038\jre\bin\server\jvm.dll
0x00007ffde3a90000 - 0x00007ffde3b3e000 	C:\WINDOWS\System32\ADVAPI32.dll
0x00007ffde4330000 - 0x00007ffde43ce000 	C:\WINDOWS\System32\sechost.dll
0x00007ffde52a0000 - 0x00007ffde53c0000 	C:\WINDOWS\System32\RPCRT4.dll
0x00007ffde45c0000 - 0x00007ffde45c8000 	C:\WINDOWS\System32\PSAPI.DLL
0x00007ffdcb260000 - 0x00007ffdcb269000 	C:\WINDOWS\SYSTEM32\WSOCK32.dll
0x00007ffde5980000 - 0x00007ffde59ef000 	C:\WINDOWS\System32\WS2_32.dll
0x00007ffddd6e0000 - 0x00007ffddd713000 	C:\WINDOWS\SYSTEM32\WINMM.dll
0x00007ffddb670000 - 0x00007ffddb67a000 	C:\WINDOWS\SYSTEM32\VERSION.dll
0x00007ffde20f0000 - 0x00007ffde2108000 	C:\WINDOWS\SYSTEM32\kernel.appcore.dll
0x00007ffdc7ca0000 - 0x00007ffdc7caa000 	C:\Users\HP\Downloads\sts-4.16.0.RELEASE\plugins\org.eclipse.justj.openjdk.hotspot.jre.full.win32.x86_64_17.0.4.v20220903-1038\jre\bin\jimage.dll
0x00007ffde0b50000 - 0x00007ffde0d71000 	C:\WINDOWS\SYSTEM32\DBGHELP.DLL
0x00007ffdcbed0000 - 0x00007ffdcbf01000 	C:\WINDOWS\SYSTEM32\dbgcore.DLL
0x00007ffde3860000 - 0x00007ffde38df000 	C:\WINDOWS\System32\bcryptPrimitives.dll
0x00007ffdb3e60000 - 0x00007ffdb3e85000 	C:\Users\HP\Downloads\sts-4.16.0.RELEASE\plugins\org.eclipse.justj.openjdk.hotspot.jre.full.win32.x86_64_17.0.4.v20220903-1038\jre\bin\java.dll
0x00007ffdbcf60000 - 0x00007ffdbcf78000 	C:\Users\HP\Downloads\sts-4.16.0.RELEASE\plugins\org.eclipse.justj.openjdk.hotspot.jre.full.win32.x86_64_17.0.4.v20220903-1038\jre\bin\zip.dll
0x00007ffde3b50000 - 0x00007ffde4308000 	C:\WINDOWS\System32\SHELL32.dll
0x00007ffde1160000 - 0x00007ffde19c7000 	C:\WINDOWS\SYSTEM32\windows.storage.dll
0x00007ffde4630000 - 0x00007ffde49a9000 	C:\WINDOWS\System32\combase.dll
0x00007ffde0ff0000 - 0x00007ffde1156000 	C:\WINDOWS\SYSTEM32\wintypes.dll
0x00007ffde39a0000 - 0x00007ffde3a8a000 	C:\WINDOWS\System32\SHCORE.dll
0x00007ffde4dd0000 - 0x00007ffde4e2d000 	C:\WINDOWS\System32\shlwapi.dll
0x00007ffde2f20000 - 0x00007ffde2f41000 	C:\WINDOWS\SYSTEM32\profapi.dll
0x00007ffdba610000 - 0x00007ffdba629000 	C:\Users\HP\Downloads\sts-4.16.0.RELEASE\plugins\org.eclipse.justj.openjdk.hotspot.jre.full.win32.x86_64_17.0.4.v20220903-1038\jre\bin\net.dll
0x00007ffdddb90000 - 0x00007ffdddc9c000 	C:\WINDOWS\SYSTEM32\WINHTTP.dll
0x00007ffde2520000 - 0x00007ffde2587000 	C:\WINDOWS\system32\mswsock.dll
0x00007ffdba590000 - 0x00007ffdba5a5000 	C:\Users\HP\Downloads\sts-4.16.0.RELEASE\plugins\org.eclipse.justj.openjdk.hotspot.jre.full.win32.x86_64_17.0.4.v20220903-1038\jre\bin\nio.dll
0x00007ffdc2620000 - 0x00007ffdc2630000 	C:\Users\HP\Downloads\sts-4.16.0.RELEASE\plugins\org.eclipse.justj.openjdk.hotspot.jre.full.win32.x86_64_17.0.4.v20220903-1038\jre\bin\verify.dll
0x00007ffde1c50000 - 0x00007ffde1d38000 	C:\WINDOWS\SYSTEM32\DNSAPI.dll
0x00007ffde1c20000 - 0x00007ffde1c4d000 	C:\WINDOWS\SYSTEM32\IPHLPAPI.DLL
0x00007ffde3b40000 - 0x00007ffde3b49000 	C:\WINDOWS\System32\NSI.dll
0x00007ffddb0f0000 - 0x00007ffddb0fa000 	C:\Windows\System32\rasadhlp.dll
0x00007ffddb2d0000 - 0x00007ffddb351000 	C:\WINDOWS\System32\fwpuclnt.dll
0x00007ffde2760000 - 0x00007ffde2778000 	C:\WINDOWS\SYSTEM32\CRYPTSP.dll
0x00007ffde2050000 - 0x00007ffde2085000 	C:\WINDOWS\system32\rsaenh.dll
0x00007ffde2610000 - 0x00007ffde2639000 	C:\WINDOWS\SYSTEM32\USERENV.dll
0x00007ffde28e0000 - 0x00007ffde2907000 	C:\WINDOWS\SYSTEM32\bcrypt.dll
0x00007ffde2780000 - 0x00007ffde278c000 	C:\WINDOWS\SYSTEM32\CRYPTBASE.dll
0x00007ffddd1d0000 - 0x00007ffddd1e9000 	C:\WINDOWS\SYSTEM32\dhcpcsvc6.DLL
0x00007ffddde90000 - 0x00007ffdddeae000 	C:\WINDOWS\SYSTEM32\dhcpcsvc.DLL
0x00007ffdc2590000 - 0x00007ffdc259e000 	C:\Users\HP\Downloads\sts-4.16.0.RELEASE\plugins\org.eclipse.justj.openjdk.hotspot.jre.full.win32.x86_64_17.0.4.v20220903-1038\jre\bin\sunmscapi.dll
0x00007ffde2ff0000 - 0x00007ffde3152000 	C:\WINDOWS\System32\CRYPT32.dll
0x00007ffde28b0000 - 0x00007ffde28d8000 	C:\WINDOWS\SYSTEM32\ncrypt.dll
0x00007ffde2870000 - 0x00007ffde28a7000 	C:\WINDOWS\SYSTEM32\NTASN1.dll

dbghelp: loaded successfully - version: 4.0.5 - missing functions: none
symbol engine: initialized successfully - sym options: 0x614 - pdb path: .;C:\Users\HP\Downloads\sts-4.16.0.RELEASE\plugins\org.eclipse.justj.openjdk.hotspot.jre.full.win32.x86_64_17.0.4.v20220903-1038\jre\bin;C:\WINDOWS\SYSTEM32;C:\WINDOWS\WinSxS\amd64_microsoft.windows.common-controls_6595b64144ccf1df_6.0.22000.120_none_9d947278b86cc467;C:\Users\HP\Downloads\sts-4.16.0.RELEASE\plugins\org.eclipse.justj.openjdk.hotspot.jre.full.win32.x86_64_17.0.4.v20220903-1038\jre\bin\server

VM Arguments:
jvm_args: -ea -Dfile.encoding=UTF-8 -XX:+ShowCodeDetailsInExceptionMessages 
java_command: org.testng.remote.RemoteTestNG -serport 52174 -protocol json -d C:\Users\HP\Documents\workspace-spring-tool-suite-4-4.16.0.RELEASE\Cucumber_C.Study\test-output C:\Users\HP\AppData\Local\Temp\testng-eclipse--2128654889\testng-customsuite.xml
java_class_path (initial): C:\Users\HP\sts-4.16.0.RELEASE\configuration\org.eclipse.osgi\624\0\.cp\lib\testng-remote.jar;C:\Users\HP\Documents\workspace-spring-tool-suite-4-4.16.0.RELEASE\Cucumber_C.Study\target\test-classes;C:\Users\HP\Documents\workspace-spring-tool-suite-4-4.16.0.RELEASE\Cucumber_C.Study\target\classes;C:\Users\HP\.m2\repository\io\cucumber\cucumber-java\7.2.3\cucumber-java-7.2.3.jar;C:\Users\HP\.m2\repository\io\cucumber\cucumber-core\7.2.3\cucumber-core-7.2.3.jar;C:\Users\HP\.m2\repository\io\cucumber\cucumber-gherkin\7.2.3\cucumber-gherkin-7.2.3.jar;C:\Users\HP\.m2\repository\io\cucumber\cucumber-gherkin-messages\7.2.3\cucumber-gherkin-messages-7.2.3.jar;C:\Users\HP\.m2\repository\io\cucumber\messages\17.1.1\messages-17.1.1.jar;C:\Users\HP\.m2\repository\io\cucumber\tag-expressions\4.1.0\tag-expressions-4.1.0.jar;C:\Users\HP\.m2\repository\io\cucumber\cucumber-expressions\15.0.1\cucumber-expressions-15.0.1.jar;C:\Users\HP\.m2\repository\io\cucumber\datatable\7.2.3\datatable-7.2.3.jar;C:\Users\HP\.m2\repository\io\cucumber\cucumber-plugin\7.2.3\cucumber-plugin-7.2.3.jar;C:\Users\HP\.m2\repository\io\cucumber\docstring\7.2.3\docstring-7.2.3.jar;C:\Users\HP\.m2\repository\io\cucumber\html-formatter\17.0.0\html-formatter-17.0.0.jar;C:\Users\HP\.m2\repository\io\cucumber\ci-environment\8.1.0\ci-environment-8.1.0.jar;C:\Users\HP\.m2\repository\org\apiguardian\apiguardian-api\1.1.2\apiguardian-api-1.1.2.jar;C:\Users\HP\.m2\repository\org\testng\testng\6.9.10\testng-6.9.10.jar;C:\Users\HP\.m2\repository\com\beust\jcommander\1.48\jcommander-1.48.jar;C:\Users\HP\.m2\repository\org\beanshell\bsh\2.0b4\bsh-2.0b4.jar;C:\Users\HP\.m2\repository\org\seleniumhq\selenium\selenium-java\3.141.59\selenium-java-3.141.59.jar;C:\Users\HP\.m2\repository\org\seleniumhq\selenium\selenium-api\3.141.59\selenium-api-3.141.59.jar;C:\Users\HP\.m2\repository\org\seleniumhq\selenium\selenium-chrome-driver\3.141.59\selenium-chrome-driver-3.141.59.jar;C:\Users\HP\.m2\reposito
Launcher Type: SUN_STANDARD

[Global flags]
     intx CICompilerCount                          = 4                                         {product} {ergonomic}
     uint ConcGCThreads                            = 2                                         {product} {ergonomic}
     uint G1ConcRefinementThreads                  = 8                                         {product} {ergonomic}
   size_t G1HeapRegionSize                         = 1048576                                   {product} {ergonomic}
    uintx GCDrainStackTargetSize                   = 64                                        {product} {ergonomic}
   size_t InitialHeapSize                          = 65011712                                  {product} {ergonomic}
   size_t MarkStackSize                            = 4194304                                   {product} {ergonomic}
   size_t MaxHeapSize                              = 1023410176                                {product} {ergonomic}
   size_t MaxNewSize                               = 613416960                                 {product} {ergonomic}
   size_t MinHeapDeltaBytes                        = 1048576                                   {product} {ergonomic}
   size_t MinHeapSize                              = 8388608                                   {product} {ergonomic}
    uintx NonNMethodCodeHeapSize                   = 5839372                                {pd product} {ergonomic}
    uintx NonProfiledCodeHeapSize                  = 122909434                              {pd product} {ergonomic}
    uintx ProfiledCodeHeapSize                     = 122909434                              {pd product} {ergonomic}
    uintx ReservedCodeCacheSize                    = 251658240                              {pd product} {ergonomic}
     bool SegmentedCodeCache                       = true                                      {product} {ergonomic}
     bool ShowCodeDetailsInExceptionMessages       = true                                   {manageable} {command line}
   size_t SoftMaxHeapSize                          = 1023410176                             {manageable} {ergonomic}
     bool UseCompressedClassPointers               = true                           {product lp64_product} {ergonomic}
     bool UseCompressedOops                        = true                           {product lp64_product} {ergonomic}
     bool UseG1GC                                  = true                                      {product} {ergonomic}
     bool UseLargePagesIndividualAllocation        = false                                  {pd product} {ergonomic}

Logging:
Log output configuration:
 #0: stdout all=warning uptime,level,tags
 #1: stderr all=off uptime,level,tags

Environment Variables:
PATH=C:/Users/HP/sts-4.16.0.RELEASE//plugins/org.eclipse.justj.openjdk.hotspot.jre.full.win32.x86_64_17.0.4.v20220903-1038/jre/bin/server;C:/Users/HP/sts-4.16.0.RELEASE//plugins/org.eclipse.justj.openjdk.hotspot.jre.full.win32.x86_64_17.0.4.v20220903-1038/jre/bin;C:\Program Files\Common Files\Oracle\Java\javapath;C:\Program Files (x86)\VMware\VMware Player\bin\;C:\WINDOWS\system32;C:\WINDOWS;C:\WINDOWS\System32\Wbem;C:\WINDOWS\System32\WindowsPowerShell\v1.0\;C:\WINDOWS\System32\OpenSSH\;C:\Program Files (x86)\dotnet\;C:\Program Files\Git\cmd;C:\Users\HP\OneDrive\Desktop\API\apache-maven-3.8.6-bin\apache-maven-3.8.6\bin;C:\Users\HP\AppData\Local\Microsoft\WindowsApps;;C:\Program Files\JetBrains\IntelliJ IDEA Community Edition 2022.2.2\bin;;C:\Users\HP\sts-4.16.0.RELEASE;
USERNAME=HP
OS=Windows_NT
PROCESSOR_IDENTIFIER=Intel64 Family 6 Model 166 Stepping 0, GenuineIntel
TMP=C:\Users\HP\AppData\Local\Temp
TEMP=C:\Users\HP\AppData\Local\Temp



---------------  S Y S T E M  ---------------

OS:
 Windows 11 , 64 bit Build 22000 (10.0.22000.708)
OS uptime: 3 days 20:57 hours

CPU: total 8 (initial active 8) (4 cores per cpu, 2 threads per core) family 6 model 166 stepping 0 microcode 0xe0, cx8, cmov, fxsr, ht, mmx, 3dnowpref, sse, sse2, sse3, ssse3, sse4.1, sse4.2, popcnt, lzcnt, tsc, tscinvbit, avx, avx2, aes, erms, clmul, bmi1, bmi2, adx, fma, vzeroupper, clflush, clflushopt

Memory: 4k page, system-wide physical 3900M (14M free)
TotalPageFile size 15676M (AvailPageFile size 2M)
current process WorkingSet (physical memory assigned to process): 104M, peak: 107M
current process commit charge ("private bytes"): 155M, peak: 164M

vm_info: OpenJDK 64-Bit Server VM (17.0.4.1+1) for windows-amd64 JRE (17.0.4.1+1), built on Aug 17 2022 07:42:43 by "temurin" with MS VC++ 16.7 (VS2019)

END.
